<?xml version="1.0" encoding="UTF-8"?>
<testsuites name="TestSuite1" time="18" tests="2" failures="0" errors="0">
   <testsuite name="TestSuite1" tests="2" failures="0" errors="0" time="18" timestamp="2019-04-03 18:23:35" hostname="DESKTOP-QQU4FKT$ - DESKTOP-QQU4FKT" id="Test Suites/TestSuite1">
      <properties>
         <property name="deviceName" value=""/>
         <property name="devicePlatform" value=""/>
         <property name="logFolder" value="C:\\Users\\Usuario\\git\\KatalonTest999\\Reports\\TestSuite1\\20190403_182328"/>
         <property name="logFiles" value="C:\\Users\\Usuario\\git\\KatalonTest999\\Reports\\TestSuite1\\20190403_182328\\execution0.log"/>
         <property name="attachments" value=""/>
         <property name="hostName" value="DESKTOP-QQU4FKT$ - DESKTOP-QQU4FKT"/>
         <property name="os" value="Windows 10 64bit"/>
         <property name="katalonVersion" value="6.0.5.4"/>
         <property name="browser" value="Chrome 73.0.3683.86"/>
         <property name="hostAddress" value="192.168.56.1"/>
         <property name="sessionId" value="e8b0fd4fe71866c4268a75a434dfb298"/>
         <property name="seleniumVersion" value="3.7.1"/>
         <property name="proxyInformation" value="ProxyInformation{proxyOption=NO_PROXY, proxyServerType=HTTP, password=, proxyServerAddress=, proxyServerPort=0}"/>
         <property name="platform" value="Windows 10"/>
      </properties>
      <testcase name="Test Cases/TestCase-1" classname="Test Cases/TestCase-1" status="PASSED">
         <system-out><![CDATA[2019-04-03 18:23:35 - [TEST_CASE][PASSED] - Test Cases/TestCase-1: Test Cases/TestCase-1

2019-04-03 18:23:36 - [TEST_STEP][PASSED] - openBrowser(""): Browser is opened with url: ''

2019-04-03 18:23:36 - [MESSAGE][INFO] - Starting 'Chrome' driver

2019-04-03 18:23:36 - [MESSAGE][INFO] - Action delay is set to 0 seconds

2019-04-03 18:23:41 - [MESSAGE][PASSED] - Browser is opened with url: ''

2019-04-03 18:23:41 - [TEST_STEP][PASSED] - navigateToUrl("lifecharger.org"): Navigate to 'http://lifecharger.org' successfully

2019-04-03 18:23:48 - [MESSAGE][PASSED] - Navigate to 'http://lifecharger.org' successfully

2019-04-03 18:23:48 - [TEST_STEP][PASSED] - closeBrowser(): Browser is closed

2019-04-03 18:23:48 - [MESSAGE][PASSED] - Browser is closed]]></system-out>
         <system-err><![CDATA[]]></system-err>
      </testcase>
      <testcase name="Test Cases/TestCase2" classname="Test Cases/TestCase2" status="PASSED">
         <system-out><![CDATA[2019-04-03 18:23:48 - [TEST_CASE][PASSED] - Test Cases/TestCase2: Test Cases/TestCase2

2019-04-03 18:23:49 - [TEST_STEP][PASSED] - openBrowser(""): Browser is opened with url: ''

2019-04-03 18:23:49 - [MESSAGE][INFO] - Starting 'Chrome' driver

2019-04-03 18:23:51 - [MESSAGE][PASSED] - Browser is opened with url: ''

2019-04-03 18:23:51 - [TEST_STEP][PASSED] - navigateToUrl("www.google.com"): Navigate to 'http://www.google.com' successfully

2019-04-03 18:23:53 - [MESSAGE][PASSED] - Navigate to 'http://www.google.com' successfully

2019-04-03 18:23:53 - [TEST_STEP][PASSED] - closeBrowser(): Browser is closed

2019-04-03 18:23:54 - [MESSAGE][PASSED] - Browser is closed]]></system-out>
         <system-err><![CDATA[]]></system-err>
      </testcase>
      <system-out><![CDATA[2019-04-03 18:23:35 - [TEST_SUITE][PASSED] - TestSuite1: Test Cases/TestCase2]]></system-out>
      <system-err><![CDATA[]]></system-err>
   </testsuite>
</testsuites>
